<?xml version="1.0" encoding="UTF-8"?>
<testng-results ignored="0" total="3" passed="3" failed="0" skipped="0">
  <reporter-output>
  </reporter-output>
  <suite started-at="2024-09-22T09:40:39 EDT" name="Adhoc" finished-at="2024-09-22T09:42:28 EDT" duration-ms="109010">
    <groups>
    </groups>
    <test started-at="2024-09-22T09:40:39 EDT" name="functions" finished-at="2024-09-22T09:42:28 EDT" duration-ms="109010">
      <class name="Pro.Training.Tech.Students.ContactUsForm">
        <test-method is-config="true" signature="beforeMethod(java.lang.String,java.lang.String)[pri:0, instance:Pro.Training.Tech.Students.ContactUsForm@1530c739]" started-at="2024-09-22T09:40:39 EDT" name="beforeMethod" finished-at="2024-09-22T09:40:49 EDT" duration-ms="10878" status="PASS">
          <params>
            <param index="0">
              <value>
                <![CDATA[Edge]]>
              </value>
            </param>
            <param index="1">
              <value>
                <![CDATA[https://protrainingtech.com/contact/]]>
              </value>
            </param>
          </params>
          <reporter-output>
          </reporter-output>
        </test-method> <!-- beforeMethod -->
        <test-method signature="f(java.lang.String,java.lang.String,java.lang.String)[pri:0, instance:Pro.Training.Tech.Students.ContactUsForm@1530c739]" started-at="2024-09-22T09:40:49 EDT" name="f" data-provider="dp" finished-at="2024-09-22T09:41:08 EDT" duration-ms="18822" status="PASS">
          <params>
            <param index="0">
              <value>
                <![CDATA[Shahbaz]]>
              </value>
            </param>
            <param index="1">
              <value>
                <![CDATA[Saleem]]>
              </value>
            </param>
            <param index="2">
              <value>
                <![CDATA[Saleem@gmail.com]]>
              </value>
            </param>
          </params>
          <reporter-output>
          </reporter-output>
        </test-method> <!-- f -->
        <test-method is-config="true" signature="afterMethod()[pri:0, instance:Pro.Training.Tech.Students.ContactUsForm@1530c739]" started-at="2024-09-22T09:41:08 EDT" name="afterMethod" finished-at="2024-09-22T09:41:16 EDT" duration-ms="7337" status="PASS">
          <reporter-output>
          </reporter-output>
        </test-method> <!-- afterMethod -->
        <test-method is-config="true" signature="beforeMethod(java.lang.String,java.lang.String)[pri:0, instance:Pro.Training.Tech.Students.ContactUsForm@1530c739]" started-at="2024-09-22T09:41:16 EDT" name="beforeMethod" finished-at="2024-09-22T09:41:26 EDT" duration-ms="9969" status="PASS">
          <params>
            <param index="0">
              <value>
                <![CDATA[Edge]]>
              </value>
            </param>
            <param index="1">
              <value>
                <![CDATA[https://protrainingtech.com/contact/]]>
              </value>
            </param>
          </params>
          <reporter-output>
          </reporter-output>
        </test-method> <!-- beforeMethod -->
        <test-method signature="f(java.lang.String,java.lang.String,java.lang.String)[pri:0, instance:Pro.Training.Tech.Students.ContactUsForm@1530c739]" started-at="2024-09-22T09:41:26 EDT" name="f" data-provider="dp" finished-at="2024-09-22T09:41:44 EDT" duration-ms="18724" status="PASS">
          <params>
            <param index="0">
              <value>
                <![CDATA[Sana]]>
              </value>
            </param>
            <param index="1">
              <value>
                <![CDATA[Lodhi]]>
              </value>
            </param>
            <param index="2">
              <value>
                <![CDATA[Sana@gmail.com]]>
              </value>
            </param>
          </params>
          <reporter-output>
          </reporter-output>
        </test-method> <!-- f -->
        <test-method is-config="true" signature="afterMethod()[pri:0, instance:Pro.Training.Tech.Students.ContactUsForm@1530c739]" started-at="2024-09-22T09:41:44 EDT" name="afterMethod" finished-at="2024-09-22T09:41:52 EDT" duration-ms="7293" status="PASS">
          <reporter-output>
          </reporter-output>
        </test-method> <!-- afterMethod -->
        <test-method is-config="true" signature="beforeMethod(java.lang.String,java.lang.String)[pri:0, instance:Pro.Training.Tech.Students.ContactUsForm@1530c739]" started-at="2024-09-22T09:41:52 EDT" name="beforeMethod" finished-at="2024-09-22T09:42:02 EDT" duration-ms="10026" status="PASS">
          <params>
            <param index="0">
              <value>
                <![CDATA[Edge]]>
              </value>
            </param>
            <param index="1">
              <value>
                <![CDATA[https://protrainingtech.com/contact/]]>
              </value>
            </param>
          </params>
          <reporter-output>
          </reporter-output>
        </test-method> <!-- beforeMethod -->
        <test-method signature="f(java.lang.String,java.lang.String,java.lang.String)[pri:0, instance:Pro.Training.Tech.Students.ContactUsForm@1530c739]" started-at="2024-09-22T09:42:02 EDT" name="f" data-provider="dp" finished-at="2024-09-22T09:42:20 EDT" duration-ms="18586" status="PASS">
          <params>
            <param index="0">
              <value>
                <![CDATA[John]]>
              </value>
            </param>
            <param index="1">
              <value>
                <![CDATA[Saltana]]>
              </value>
            </param>
            <param index="2">
              <value>
                <![CDATA[John@gmail.com]]>
              </value>
            </param>
          </params>
          <reporter-output>
          </reporter-output>
        </test-method> <!-- f -->
        <test-method is-config="true" signature="afterMethod()[pri:0, instance:Pro.Training.Tech.Students.ContactUsForm@1530c739]" started-at="2024-09-22T09:42:20 EDT" name="afterMethod" finished-at="2024-09-22T09:42:28 EDT" duration-ms="7304" status="PASS">
          <reporter-output>
          </reporter-output>
        </test-method> <!-- afterMethod -->
      </class> <!-- Pro.Training.Tech.Students.ContactUsForm -->
    </test> <!-- functions -->
  </suite> <!-- Adhoc -->
</testng-results>
