<?xml version="1.0" encoding="UTF-8"?>
<!-- Generated by org.testng.reporters.JUnitXMLReporter -->
<testsuite ignored="0" hostname="DESKTOP-SAJRM84" failures="0" tests="3" name="functions" time="109.01" errors="0" timestamp="2024-09-22T09:42:28 EDT">
  <testcase classname="Pro.Training.Tech.Students.ContactUsForm" name="f" time="18.822"/>
  <testcase classname="Pro.Training.Tech.Students.ContactUsForm" name="f" time="18.724"/>
  <testcase classname="Pro.Training.Tech.Students.ContactUsForm" name="f" time="18.586"/>
</testsuite> <!-- functions -->
